d:\0__code\demo_form\demo_form\demo_form\debug\vc140.pdb
d:\0__code\demo_form\demo_form\demo_form\debug\tcp_client.obj
d:\0__code\demo_form\demo_form\demo_form\debug\myform.obj
d:\0__code\demo_form\demo_form\demo_form\debug\.netframework,version=v4.5.2.assemblyattributes.obj
d:\0__code\demo_form\demo_form\demo_form\debug\.netframework,version=v4.5.2.assemblyattributes.asm
d:\0__code\demo_form\demo_form\demo_form\debug\demo_form.myform.resources
d:\0__code\demo_form\demo_form\demo_form\debug\demo_form.myform_progress.resources
d:\0__code\demo_form\demo_form\debug\demo_form.exe
d:\0__code\demo_form\demo_form\debug\demo_form.pdb
d:\0__code\demo_form\demo_form\demo_form\debug\demo_form.vcxproj.generateresource.cache
d:\0__code\demo_form\demo_form\demo_form\debug\demo_form.vcxprojresolveassemblyreference.cache
d:\0__code\demo_form\demo_form\demo_form\debug\demo_form.tlog\cl.command.1.tlog
d:\0__code\demo_form\demo_form\demo_form\debug\demo_form.tlog\cl.read.1.tlog
d:\0__code\demo_form\demo_form\demo_form\debug\demo_form.tlog\cl.write.1.tlog
d:\0__code\demo_form\demo_form\demo_form\debug\demo_form.tlog\demo_form.write.1u.tlog
d:\0__code\demo_form\demo_form\demo_form\debug\demo_form.tlog\link.command.1.tlog
d:\0__code\demo_form\demo_form\demo_form\debug\demo_form.tlog\link.read.1.tlog
d:\0__code\demo_form\demo_form\demo_form\debug\demo_form.tlog\link.write.1.tlog
d:\0__code\demo_form\demo_form\demo_form\debug\demo_form.tlog\metagen.read.1.tlog
d:\0__code\demo_form\demo_form\demo_form\debug\demo_form.tlog\metagen.write.1.tlog
d:\0__code\demo_form\demo_form\demo_form\debug\demo_form.tlog\cfgmgr32.dll.bi
d:\0__code\demo_form\demo_form\demo_form\debug\demo_form.tlog\cryptsp.dll.bi
d:\0__code\demo_form\demo_form\demo_form\debug\demo_form.tlog\imagehlp.dll.bi
d:\0__code\demo_form\demo_form\demo_form\debug\demo_form.tlog\imm32.dll.bi
d:\0__code\demo_form\demo_form\demo_form\debug\demo_form.tlog\kernel.appcore.dll.bi
d:\0__code\demo_form\demo_form\demo_form\debug\demo_form.tlog\mscoree.dll.bi
d:\0__code\demo_form\demo_form\demo_form\debug\demo_form.tlog\oleaut32.dll.bi
d:\0__code\demo_form\demo_form\demo_form\debug\demo_form.tlog\powrprof.dll.bi
d:\0__code\demo_form\demo_form\demo_form\debug\demo_form.tlog\profapi.dll.bi
d:\0__code\demo_form\demo_form\demo_form\debug\demo_form.tlog\rsaenh.dll.bi
d:\0__code\demo_form\demo_form\demo_form\debug\demo_form.tlog\shcore.dll.bi
d:\0__code\demo_form\demo_form\demo_form\debug\demo_form.tlog\shell32.dll.bi
d:\0__code\demo_form\demo_form\demo_form\debug\demo_form.tlog\shlwapi.dll.bi
d:\0__code\demo_form\demo_form\demo_form\debug\demo_form.tlog\tzres.dll.bi
d:\0__code\demo_form\demo_form\demo_form\debug\demo_form.tlog\uxtheme.dll.bi
d:\0__code\demo_form\demo_form\demo_form\debug\demo_form.tlog\windows.storage.dll.bi
